<?xml version="1.0" encoding="UTF-8"?>
<testng-results total="1" passed="1" failed="0" skipped="0">
  <reporter-output>
  </reporter-output>
  <suite started-at="2024-11-18T09:25:43Z" name="Default suite" finished-at="2024-11-18T09:25:55Z" duration-ms="11976">
    <groups>
    </groups>
    <test started-at="2024-11-18T09:25:43Z" name="Default test" finished-at="2024-11-18T09:25:55Z" duration-ms="11976">
      <class name="Test_Runner.tests">
        <test-method is-config="true" signature="setup()[pri:0, instance:Test_Runner.tests@5be46f9d]" started-at="2024-11-18T14:55:43Z" name="setup" finished-at="2024-11-18T14:55:46Z" duration-ms="3225" status="PASS">
          <reporter-output>
          </reporter-output>
        </test-method> <!-- setup -->
        <test-method signature="Automation_Tests()[pri:0, instance:Test_Runner.tests@5be46f9d]" started-at="2024-11-18T14:55:46Z" name="Automation_Tests" finished-at="2024-11-18T14:55:55Z" duration-ms="8732" status="PASS">
          <reporter-output>
          </reporter-output>
        </test-method> <!-- Automation_Tests -->
      </class> <!-- Test_Runner.tests -->
    </test> <!-- Default test -->
  </suite> <!-- Default suite -->
</testng-results>
